<?xml version="1.0" encoding="UTF-8"?>
<!-- Generated by org.testng.reporters.JUnitXMLReporter -->
<testsuite ignored="0" hostname="Shiveena" failures="0" tests="3" name="Submit Order Test" time="22.85" errors="0" timestamp="2024-11-29T21:57:24 GMT">
  <testcase classname="rahulshettyacademy2.tests.SubmitOrderTest" name="submitOrder" time="3.95"/>
  <testcase classname="rahulshettyacademy2.tests.SubmitOrderTest" name="submitOrder" time="4.093"/>
  <testcase classname="rahulshettyacademy2.tests.SubmitOrderTest" name="orderHistoryTest" time="0.872"/>
</testsuite> <!-- Submit Order Test -->
